# JRE version: OpenJDK Runtime Environment Temurin-21.0.10+7 (21.0.10+7) (build 21.0.10+7-LTS)
# Java VM: OpenJDK 64-Bit Server VM Temurin-21.0.10+7 (21.0.10+7-LTS, mixed mode, sharing, tiered, compressed oops, compressed class ptrs, parallel gc, windows-amd64)
GC Precious Log:
 CardTable entry size: 512
 CPUs: 4 total, 4 available
 Memory: 3930M
 Large Page Support: Disabled
 NUMA Support: Disabled
 Compressed Oops: Enabled (32-bit)
 Alignments: Space 512K, Generation 512K, Heap 2M
 Heap Min Capacity: 100M
 Heap Initial Capacity: 100M
 Heap Max Capacity: 2G
 Pre-touch: Disabled
 Parallel Workers: 4
Heap:
 PSYoungGen      total 2048K, used 309K [0x00000000d5580000, 0x00000000d5980000, 0x0000000100000000)
  eden space 1536K, 11% used [0x00000000d5580000,0x00000000d55ad670,0x00000000d5700000)
  from space 512K, 25% used [0x00000000d5880000,0x00000000d58a0000,0x00000000d5900000)
  to   space 512K, 0% used [0x00000000d5900000,0x00000000d5900000,0x00000000d5980000)
 ParOldGen       total 487424K, used 257044K [0x0000000080000000, 0x000000009dc00000, 0x00000000d5580000)
  object space 487424K, 52% used [0x0000000080000000,0x000000008fb051b8,0x000000009dc00000)
 Metaspace       used 83519K, committed 85120K, reserved 1179648K
  class space    used 8581K, committed 9280K, reserved 1048576K
GC Heap History (20 events):
Event: 4127.378 GC heap before
{Heap before GC invocations=1168 (full 4):
 PSYoungGen      total 2048K, used 1776K [0x00000000d5580000, 0x00000000d5980000, 0x0000000100000000)
  eden space 1536K, 100% used [0x00000000d5580000,0x00000000d5700000,0x00000000d5700000)
  from space 512K, 46% used [0x00000000d5880000,0x00000000d58bc010,0x00000000d5900000)
  to   space 512K, 0% used [0x00000000d5900000,0x00000000d5900000,0x00000000d5980000)
 ParOldGen       total 487424K, used 256610K [0x0000000080000000, 0x000000009dc00000, 0x00000000d5580000)
  object space 487424K, 52% used [0x0000000080000000,0x000000008fa98aa8,0x000000009dc00000)
 Metaspace       used 83513K, committed 85120K, reserved 1179648K
  class space    used 8581K, committed 9280K, reserved 1048576K
}
Event: 4127.380 GC heap after
{Heap after GC invocations=1168 (full 4):
 PSYoungGen      total 2048K, used 128K [0x00000000d5580000, 0x00000000d5980000, 0x0000000100000000)
  eden space 1536K, 0% used [0x00000000d5580000,0x00000000d5580000,0x00000000d5700000)
  from space 512K, 25% used [0x00000000d5900000,0x00000000d5920000,0x00000000d5980000)
  to   space 512K, 0% used [0x00000000d5880000,0x00000000d5880000,0x00000000d5900000)
 ParOldGen       total 487424K, used 256618K [0x0000000080000000, 0x000000009dc00000, 0x00000000d5580000)
  object space 487424K, 52% used [0x0000000080000000,0x000000008fa9aaa8,0x000000009dc00000)
 Metaspace       used 83513K, committed 85120K, reserved 1179648K
  class space    used 8581K, committed 9280K, reserved 1048576K
}
Event: 4127.397 GC heap before
{Heap before GC invocations=1169 (full 4):
 PSYoungGen      total 2048K, used 1664K [0x00000000d5580000, 0x00000000d5980000, 0x0000000100000000)
  eden space 1536K, 100% used [0x00000000d5580000,0x00000000d5700000,0x00000000d5700000)
  from space 512K, 25% used [0x00000000d5900000,0x00000000d5920000,0x00000000d5980000)
  to   space 512K, 0% used [0x00000000d5880000,0x00000000d5880000,0x00000000d5900000)
 ParOldGen       total 487424K, used 256618K [0x0000000080000000, 0x000000009dc00000, 0x00000000d5580000)
  object space 487424K, 52% used [0x0000000080000000,0x000000008fa9aaa8,0x000000009dc00000)
 Metaspace       used 83514K, committed 85120K, reserved 1179648K
  class space    used 8581K, committed 9280K, reserved 1048576K
}
Event: 4127.399 GC heap after
{Heap after GC invocations=1169 (full 4):
 PSYoungGen      total 2048K, used 192K [0x00000000d5580000, 0x00000000d5980000, 0x0000000100000000)
  eden space 1536K, 0% used [0x00000000d5580000,0x00000000d5580000,0x00000000d5700000)
  from space 512K, 37% used [0x00000000d5880000,0x00000000d58b0000,0x00000000d5900000)
  to   space 512K, 0% used [0x00000000d5900000,0x00000000d5900000,0x00000000d5980000)
 ParOldGen       total 487424K, used 256650K [0x0000000080000000, 0x000000009dc00000, 0x00000000d5580000)
  object space 487424K, 52% used [0x0000000080000000,0x000000008faa2aa8,0x000000009dc00000)
 Metaspace       used 83514K, committed 85120K, reserved 1179648K
  class space    used 8581K, committed 9280K, reserved 1048576K
}
Event: 4127.414 GC heap before
{Heap before GC invocations=1170 (full 4):
 PSYoungGen      total 2048K, used 1728K [0x00000000d5580000, 0x00000000d5980000, 0x0000000100000000)
  eden space 1536K, 100% used [0x00000000d5580000,0x00000000d5700000,0x00000000d5700000)
  from space 512K, 37% used [0x00000000d5880000,0x00000000d58b0000,0x00000000d5900000)
  to   space 512K, 0% used [0x00000000d5900000,0x00000000d5900000,0x00000000d5980000)
 ParOldGen       total 487424K, used 256650K [0x0000000080000000, 0x000000009dc00000, 0x00000000d5580000)
  object space 487424K, 52% used [0x0000000080000000,0x000000008faa2aa8,0x000000009dc00000)
 Metaspace       used 83514K, committed 85120K, reserved 1179648K
  class space    used 8581K, committed 9280K, reserved 1048576K
}
Event: 4127.419 GC heap after
{Heap after GC invocations=1170 (full 4):
 PSYoungGen      total 2048K, used 128K [0x00000000d5580000, 0x00000000d5980000, 0x0000000100000000)
  eden space 1536K, 0% used [0x00000000d5580000,0x00000000d5580000,0x00000000d5700000)
  from space 512K, 25% used [0x00000000d5900000,0x00000000d5920000,0x00000000d5980000)
  to   space 512K, 0% used [0x00000000d5880000,0x00000000d5880000,0x00000000d5900000)
 ParOldGen       total 487424K, used 256794K [0x0000000080000000, 0x000000009dc00000, 0x00000000d5580000)
  object space 487424K, 52% used [0x0000000080000000,0x000000008fac6aa8,0x000000009dc00000)
 Metaspace       used 83514K, committed 85120K, reserved 1179648K
  class space    used 8581K, committed 9280K, reserved 1048576K
}
Event: 4127.429 GC heap before
{Heap before GC invocations=1171 (full 4):
 PSYoungGen      total 2048K, used 1664K [0x00000000d5580000, 0x00000000d5980000, 0x0000000100000000)
  eden space 1536K, 100% used [0x00000000d5580000,0x00000000d5700000,0x00000000d5700000)
  from space 512K, 25% used [0x00000000d5900000,0x00000000d5920000,0x00000000d5980000)
  to   space 512K, 0% used [0x00000000d5880000,0x00000000d5880000,0x00000000d5900000)
 ParOldGen       total 487424K, used 256794K [0x0000000080000000, 0x000000009dc00000, 0x00000000d5580000)
  object space 487424K, 52% used [0x0000000080000000,0x000000008fac6aa8,0x000000009dc00000)
 Metaspace       used 83516K, committed 85120K, reserved 1179648K
  class space    used 8581K, committed 9280K, reserved 1048576K
}
Event: 4127.432 GC heap after
{Heap after GC invocations=1171 (full 4):
 PSYoungGen      total 2048K, used 192K [0x00000000d5580000, 0x00000000d5980000, 0x0000000100000000)
  eden space 1536K, 0% used [0x00000000d5580000,0x00000000d5580000,0x00000000d5700000)
  from space 512K, 37% used [0x00000000d5880000,0x00000000d58b0000,0x00000000d5900000)
  to   space 512K, 0% used [0x00000000d5900000,0x00000000d5900000,0x00000000d5980000)
 ParOldGen       total 487424K, used 256818K [0x0000000080000000, 0x000000009dc00000, 0x00000000d5580000)
  object space 487424K, 52% used [0x0000000080000000,0x000000008faccaa8,0x000000009dc00000)
 Metaspace       used 83516K, committed 85120K, reserved 1179648K
  class space    used 8581K, committed 9280K, reserved 1048576K
}
Event: 4127.447 GC heap before
{Heap before GC invocations=1172 (full 4):
 PSYoungGen      total 2048K, used 1728K [0x00000000d5580000, 0x00000000d5980000, 0x0000000100000000)
  eden space 1536K, 100% used [0x00000000d5580000,0x00000000d5700000,0x00000000d5700000)
  from space 512K, 37% used [0x00000000d5880000,0x00000000d58b0000,0x00000000d5900000)
  to   space 512K, 0% used [0x00000000d5900000,0x00000000d5900000,0x00000000d5980000)
 ParOldGen       total 487424K, used 256818K [0x0000000080000000, 0x000000009dc00000, 0x00000000d5580000)
  object space 487424K, 52% used [0x0000000080000000,0x000000008faccaa8,0x000000009dc00000)
 Metaspace       used 83516K, committed 85120K, reserved 1179648K
  class space    used 8581K, committed 9280K, reserved 1048576K
}
Event: 4127.450 GC heap after
{Heap after GC invocations=1172 (full 4):
 PSYoungGen      total 2048K, used 128K [0x00000000d5580000, 0x00000000d5980000, 0x0000000100000000)
  eden space 1536K, 0% used [0x00000000d5580000,0x00000000d5580000,0x00000000d5700000)
  from space 512K, 25% used [0x00000000d5900000,0x00000000d5920000,0x00000000d5980000)
  to   space 512K, 0% used [0x00000000d5880000,0x00000000d5880000,0x00000000d5900000)
 ParOldGen       total 487424K, used 256903K [0x0000000080000000, 0x000000009dc00000, 0x00000000d5580000)
  object space 487424K, 52% used [0x0000000080000000,0x000000008fae1d38,0x000000009dc00000)
 Metaspace       used 83516K, committed 85120K, reserved 1179648K
  class space    used 8581K, committed 9280K, reserved 1048576K
}
Event: 4127.477 GC heap before
{Heap before GC invocations=1173 (full 4):
 PSYoungGen      total 2048K, used 1664K [0x00000000d5580000, 0x00000000d5980000, 0x0000000100000000)
  eden space 1536K, 100% used [0x00000000d5580000,0x00000000d5700000,0x00000000d5700000)
  from space 512K, 25% used [0x00000000d5900000,0x00000000d5920000,0x00000000d5980000)
  to   space 512K, 0% used [0x00000000d5880000,0x00000000d5880000,0x00000000d5900000)
 ParOldGen       total 487424K, used 256903K [0x0000000080000000, 0x000000009dc00000, 0x00000000d5580000)
  object space 487424K, 52% used [0x0000000080000000,0x000000008fae1d38,0x000000009dc00000)
 Metaspace       used 83516K, committed 85120K, reserved 1179648K
  class space    used 8581K, committed 9280K, reserved 1048576K
}
Event: 4127.479 GC heap after
{Heap after GC invocations=1173 (full 4):
 PSYoungGen      total 2048K, used 224K [0x00000000d5580000, 0x00000000d5980000, 0x0000000100000000)
  eden space 1536K, 0% used [0x00000000d5580000,0x00000000d5580000,0x00000000d5700000)
  from space 512K, 43% used [0x00000000d5880000,0x00000000d58b8000,0x00000000d5900000)
  to   space 512K, 0% used [0x00000000d5900000,0x00000000d5900000,0x00000000d5980000)
 ParOldGen       total 487424K, used 256927K [0x0000000080000000, 0x000000009dc00000, 0x00000000d5580000)
  object space 487424K, 52% used [0x0000000080000000,0x000000008fae7d38,0x000000009dc00000)
 Metaspace       used 83516K, committed 85120K, reserved 1179648K
  class space    used 8581K, committed 9280K, reserved 1048576K
}
Event: 4127.484 GC heap before
{Heap before GC invocations=1174 (full 4):
 PSYoungGen      total 2048K, used 1760K [0x00000000d5580000, 0x00000000d5980000, 0x0000000100000000)
  eden space 1536K, 100% used [0x00000000d5580000,0x00000000d5700000,0x00000000d5700000)
  from space 512K, 43% used [0x00000000d5880000,0x00000000d58b8000,0x00000000d5900000)
  to   space 512K, 0% used [0x00000000d5900000,0x00000000d5900000,0x00000000d5980000)
 ParOldGen       total 487424K, used 256927K [0x0000000080000000, 0x000000009dc00000, 0x00000000d5580000)
  object space 487424K, 52% used [0x0000000080000000,0x000000008fae7d38,0x000000009dc00000)
 Metaspace       used 83516K, committed 85120K, reserved 1179648K
  class space    used 8581K, committed 9280K, reserved 1048576K
}
Event: 4127.486 GC heap after
{Heap after GC invocations=1174 (full 4):
 PSYoungGen      total 2048K, used 512K [0x00000000d5580000, 0x00000000d5980000, 0x0000000100000000)
  eden space 1536K, 0% used [0x00000000d5580000,0x00000000d5580000,0x00000000d5700000)
  from space 512K, 100% used [0x00000000d5900000,0x00000000d5980000,0x00000000d5980000)
  to   space 1024K, 0% used [0x00000000d5780000,0x00000000d5780000,0x00000000d5880000)
 ParOldGen       total 487424K, used 256972K [0x0000000080000000, 0x000000009dc00000, 0x00000000d5580000)
  object space 487424K, 52% used [0x0000000080000000,0x000000008faf31b8,0x000000009dc00000)
 Metaspace       used 83516K, committed 85120K, reserved 1179648K
  class space    used 8581K, committed 9280K, reserved 1048576K
}
Event: 4127.491 GC heap before
{Heap before GC invocations=1175 (full 4):
 PSYoungGen      total 2048K, used 2048K [0x00000000d5580000, 0x00000000d5980000, 0x0000000100000000)
  eden space 1536K, 100% used [0x00000000d5580000,0x00000000d5700000,0x00000000d5700000)
  from space 512K, 100% used [0x00000000d5900000,0x00000000d5980000,0x00000000d5980000)
  to   space 1024K, 0% used [0x00000000d5780000,0x00000000d5780000,0x00000000d5880000)
 ParOldGen       total 487424K, used 256972K [0x0000000080000000, 0x000000009dc00000, 0x00000000d5580000)
  object space 487424K, 52% used [0x0000000080000000,0x000000008faf31b8,0x000000009dc00000)
 Metaspace       used 83519K, committed 85120K, reserved 1179648K
  class space    used 8581K, committed 9280K, reserved 1048576K
}
Event: 4127.493 GC heap after
{Heap after GC invocations=1175 (full 4):
 PSYoungGen      total 2560K, used 448K [0x00000000d5580000, 0x00000000d5980000, 0x0000000100000000)
  eden space 1536K, 0% used [0x00000000d5580000,0x00000000d5580000,0x00000000d5700000)
  from space 1024K, 43% used [0x00000000d5780000,0x00000000d57f0000,0x00000000d5880000)
  to   space 512K, 0% used [0x00000000d5900000,0x00000000d5900000,0x00000000d5980000)
 ParOldGen       total 487424K, used 257020K [0x0000000080000000, 0x000000009dc00000, 0x00000000d5580000)
  object space 487424K, 52% used [0x0000000080000000,0x000000008faff1b8,0x000000009dc00000)
 Metaspace       used 83519K, committed 85120K, reserved 1179648K
  class space    used 8581K, committed 9280K, reserved 1048576K
}
Event: 4127.733 GC heap before
{Heap before GC invocations=1176 (full 4):
 PSYoungGen      total 2560K, used 1982K [0x00000000d5580000, 0x00000000d5980000, 0x0000000100000000)
  eden space 1536K, 99% used [0x00000000d5580000,0x00000000d56ffa30,0x00000000d5700000)
  from space 1024K, 43% used [0x00000000d5780000,0x00000000d57f0000,0x00000000d5880000)
  to   space 512K, 0% used [0x00000000d5900000,0x00000000d5900000,0x00000000d5980000)
 ParOldGen       total 487424K, used 257020K [0x0000000080000000, 0x000000009dc00000, 0x00000000d5580000)
  object space 487424K, 52% used [0x0000000080000000,0x000000008faff1b8,0x000000009dc00000)
 Metaspace       used 83519K, committed 85120K, reserved 1179648K
  class space    used 8581K, committed 9280K, reserved 1048576K
}
Event: 4127.735 GC heap after
{Heap after GC invocations=1176 (full 4):
 PSYoungGen      total 2048K, used 496K [0x00000000d5580000, 0x00000000d5980000, 0x0000000100000000)
  eden space 1536K, 0% used [0x00000000d5580000,0x00000000d5580000,0x00000000d5700000)
  from space 512K, 96% used [0x00000000d5900000,0x00000000d597c010,0x00000000d5980000)
  to   space 512K, 0% used [0x00000000d5880000,0x00000000d5880000,0x00000000d5900000)
 ParOldGen       total 487424K, used 257028K [0x0000000080000000, 0x000000009dc00000, 0x00000000d5580000)
  object space 487424K, 52% used [0x0000000080000000,0x000000008fb011b8,0x000000009dc00000)
 Metaspace       used 83519K, committed 85120K, reserved 1179648K
  class space    used 8581K, committed 9280K, reserved 1048576K
}
Event: 4148.343 GC heap before
{Heap before GC invocations=1177 (full 4):
 PSYoungGen      total 2048K, used 2031K [0x00000000d5580000, 0x00000000d5980000, 0x0000000100000000)
  eden space 1536K, 99% used [0x00000000d5580000,0x00000000d56ffe80,0x00000000d5700000)
  from space 512K, 96% used [0x00000000d5900000,0x00000000d597c010,0x00000000d5980000)
  to   space 512K, 0% used [0x00000000d5880000,0x00000000d5880000,0x00000000d5900000)
 ParOldGen       total 487424K, used 257028K [0x0000000080000000, 0x000000009dc00000, 0x00000000d5580000)
  object space 487424K, 52% used [0x0000000080000000,0x000000008fb011b8,0x000000009dc00000)
 Metaspace       used 83519K, committed 85120K, reserved 1179648K
  class space    used 8581K, committed 9280K, reserved 1048576K
}
Event: 4148.350 GC heap after
{Heap after GC invocations=1177 (full 4):
 PSYoungGen      total 2048K, used 128K [0x00000000d5580000, 0x00000000d5980000, 0x0000000100000000)
  eden space 1536K, 0% used [0x00000000d5580000,0x00000000d5580000,0x00000000d5700000)
  from space 512K, 25% used [0x00000000d5880000,0x00000000d58a0000,0x00000000d5900000)
  to   space 512K, 0% used [0x00000000d5900000,0x00000000d5900000,0x00000000d5980000)
 ParOldGen       total 487424K, used 257044K [0x0000000080000000, 0x000000009dc00000, 0x00000000d5580000)
  object space 487424K, 52% used [0x0000000080000000,0x000000008fb051b8,0x000000009dc00000)
 Metaspace       used 83519K, committed 85120K, reserved 1179648K
  class space    used 8581K, committed 9280K, reserved 1048576K
}

